
5월 11, 2021 24:45:09.468 NEW SESSION
5월 11, 2021 24:45:09.468 [13932:3468:0511/004509.466:ERROR:device_event_log_impl.cc(214)] [00:45:09.467] Bluetooth: bluetooth_adapter_winrt.cc:1072 Getting Default Adapter failed.
5월 11, 2021 01:40:05.218 [13932:3468:0511/014005.217:ERROR:device_event_log_impl.cc(214)] [01:40:05.217] USB: usb_service_win.cc:258 Failed to get device driver name: 요소가 없습니다. (0x490)

5월 11, 2021 14:17:37.134 NEW SESSION
5월 11, 2021 14:17:37.134 [5380:1996:0511/141737.134:ERROR:device_event_log_impl.cc(214)] [14:17:37.143] Bluetooth: bluetooth_adapter_winrt.cc:1072 Getting Default Adapter failed.
5월 11, 2021 15:55:49.451 [1336:5476:0511/155549.451:ERROR:device_event_log_impl.cc(214)] [15:55:49.450] Bluetooth: bluetooth_adapter_winrt.cc:1072 Getting Default Adapter failed.
5월 11, 2021 15:56:02.333 [6356:2160:0511/155602.333:ERROR:device_event_log_impl.cc(214)] [15:56:02.325] Bluetooth: bluetooth_adapter_winrt.cc:1072 Getting Default Adapter failed.
5월 11, 2021 15:58:19.185 [10580:4188:0511/155819.185:ERROR:device_event_log_impl.cc(214)] [15:58:19.184] Bluetooth: bluetooth_adapter_winrt.cc:1072 Getting Default Adapter failed.

5월 12, 2021 12:16:59.373 NEW SESSION
5월 12, 2021 12:16:59.373 [4792:5028:0512/121659.371:ERROR:device_event_log_impl.cc(214)] [12:16:59.371] Bluetooth: bluetooth_adapter_winrt.cc:1072 Getting Default Adapter failed.
5월 12, 2021 12:21:49.19 [6988:2256:0512/122149.019:ERROR:device_event_log_impl.cc(214)] [12:21:49.019] Bluetooth: bluetooth_adapter_winrt.cc:1072 Getting Default Adapter failed.
5월 12, 2021 14:05:38.784 [5132:4532:0512/140538.784:ERROR:device_event_log_impl.cc(214)] [14:05:38.784] Bluetooth: bluetooth_adapter_winrt.cc:1072 Getting Default Adapter failed.
5월 12, 2021 14:30:13.153 [7348:8516:0512/143013.153:ERROR:device_event_log_impl.cc(214)] [14:30:13.152] Bluetooth: bluetooth_adapter_winrt.cc:1072 Getting Default Adapter failed.
5월 12, 2021 14:31:11.722 [6712:6632:0512/143111.721:ERROR:device_event_log_impl.cc(214)] [14:31:11.722] Bluetooth: bluetooth_adapter_winrt.cc:1072 Getting Default Adapter failed.
5월 12, 2021 16:18:20.476 [7660:4616:0512/161820.476:ERROR:device_event_log_impl.cc(214)] [16:18:20.476] Bluetooth: bluetooth_adapter_winrt.cc:1072 Getting Default Adapter failed.
5월 12, 2021 16:23:36.616 [8408:2188:0512/162336.616:ERROR:device_event_log_impl.cc(214)] [16:23:36.616] Bluetooth: bluetooth_adapter_winrt.cc:1072 Getting Default Adapter failed.
5월 12, 2021 17:23:54.49 [9144:4840:0512/172354.049:ERROR:device_event_log_impl.cc(214)] [17:23:54.050] Bluetooth: bluetooth_adapter_winrt.cc:1072 Getting Default Adapter failed.

5월 13, 2021 10:31:35.797 NEW SESSION
5월 13, 2021 10:31:35.797 [3560:3676:0513/103135.795:ERROR:device_event_log_impl.cc(214)] [10:31:35.795] Bluetooth: bluetooth_adapter_winrt.cc:1072 Getting Default Adapter failed.
5월 13, 2021 15:16:28.212 [6212:5984:0513/151628.212:ERROR:device_event_log_impl.cc(214)] [15:16:28.212] Bluetooth: bluetooth_adapter_winrt.cc:1072 Getting Default Adapter failed.
5월 13, 2021 15:30:18.97 [6212:5984:0513/153018.097:ERROR:page_load_metrics_update_dispatcher.cc(170)] Invalid first_paint 0.127 s for first_image_paint 0.095 s
5월 13, 2021 15:30:19.95 [6212:5984:0513/153019.095:ERROR:page_load_metrics_update_dispatcher.cc(170)] Invalid first_paint 0.127 s for first_image_paint 0.095 s
5월 13, 2021 15:35:20.736 [6212:5984:0513/153520.736:ERROR:page_load_metrics_update_dispatcher.cc(170)] Invalid first_paint 0.127 s for first_image_paint 0.095 s
5월 13, 2021 15:40:20.745 [6212:5984:0513/154020.745:ERROR:page_load_metrics_update_dispatcher.cc(170)] Invalid first_paint 0.127 s for first_image_paint 0.095 s
5월 13, 2021 15:45:20.758 [6212:5984:0513/154520.758:ERROR:page_load_metrics_update_dispatcher.cc(170)] Invalid first_paint 0.127 s for first_image_paint 0.095 s
5월 13, 2021 15:50:20.762 [6212:5984:0513/155020.762:ERROR:page_load_metrics_update_dispatcher.cc(170)] Invalid first_paint 0.127 s for first_image_paint 0.095 s
5월 13, 2021 15:55:20.739 [6212:5984:0513/155520.739:ERROR:page_load_metrics_update_dispatcher.cc(170)] Invalid first_paint 0.127 s for first_image_paint 0.095 s
5월 13, 2021 16:00:20.805 [6212:5984:0513/160020.805:ERROR:page_load_metrics_update_dispatcher.cc(170)] Invalid first_paint 0.127 s for first_image_paint 0.095 s
5월 13, 2021 16:05:20.758 [6212:5984:0513/160520.758:ERROR:page_load_metrics_update_dispatcher.cc(170)] Invalid first_paint 0.127 s for first_image_paint 0.095 s
5월 13, 2021 16:10:21.22 [6212:5984:0513/161021.022:ERROR:page_load_metrics_update_dispatcher.cc(170)] Invalid first_paint 0.127 s for first_image_paint 0.095 s
5월 13, 2021 16:15:20.769 [6212:5984:0513/161520.769:ERROR:page_load_metrics_update_dispatcher.cc(170)] Invalid first_paint 0.127 s for first_image_paint 0.095 s
5월 13, 2021 16:20:20.746 [6212:5984:0513/162020.733:ERROR:page_load_metrics_update_dispatcher.cc(170)] Invalid first_paint 0.127 s for first_image_paint 0.095 s
5월 13, 2021 16:25:20.735 [6212:5984:0513/162520.735:ERROR:page_load_metrics_update_dispatcher.cc(170)] Invalid first_paint 0.127 s for first_image_paint 0.095 s
5월 13, 2021 16:30:20.751 [6212:5984:0513/163020.751:ERROR:page_load_metrics_update_dispatcher.cc(170)] Invalid first_paint 0.127 s for first_image_paint 0.095 s
5월 13, 2021 16:35:20.742 [6212:5984:0513/163520.742:ERROR:page_load_metrics_update_dispatcher.cc(170)] Invalid first_paint 0.127 s for first_image_paint 0.095 s
5월 13, 2021 16:40:20.772 [6212:5984:0513/164020.772:ERROR:page_load_metrics_update_dispatcher.cc(170)] Invalid first_paint 0.127 s for first_image_paint 0.095 s
5월 13, 2021 16:45:20.757 [6212:5984:0513/164520.757:ERROR:page_load_metrics_update_dispatcher.cc(170)] Invalid first_paint 0.127 s for first_image_paint 0.095 s
5월 13, 2021 16:50:20.761 [6212:5984:0513/165020.761:ERROR:page_load_metrics_update_dispatcher.cc(170)] Invalid first_paint 0.127 s for first_image_paint 0.095 s
5월 13, 2021 16:55:20.732 [6212:5984:0513/165520.732:ERROR:page_load_metrics_update_dispatcher.cc(170)] Invalid first_paint 0.127 s for first_image_paint 0.095 s
5월 13, 2021 17:00:20.819 [6212:5984:0513/170020.819:ERROR:page_load_metrics_update_dispatcher.cc(170)] Invalid first_paint 0.127 s for first_image_paint 0.095 s
5월 13, 2021 17:05:20.737 [6212:5984:0513/170520.737:ERROR:page_load_metrics_update_dispatcher.cc(170)] Invalid first_paint 0.127 s for first_image_paint 0.095 s
5월 13, 2021 17:10:20.800 [6212:5984:0513/171020.800:ERROR:page_load_metrics_update_dispatcher.cc(170)] Invalid first_paint 0.127 s for first_image_paint 0.095 s
5월 13, 2021 17:15:20.774 [6212:5984:0513/171520.774:ERROR:page_load_metrics_update_dispatcher.cc(170)] Invalid first_paint 0.127 s for first_image_paint 0.095 s
5월 13, 2021 17:20:20.809 [6212:5984:0513/172020.809:ERROR:page_load_metrics_update_dispatcher.cc(170)] Invalid first_paint 0.127 s for first_image_paint 0.095 s
5월 13, 2021 17:25:20.739 [6212:5984:0513/172520.739:ERROR:page_load_metrics_update_dispatcher.cc(170)] Invalid first_paint 0.127 s for first_image_paint 0.095 s
5월 13, 2021 17:30:20.756 [6212:5984:0513/173020.756:ERROR:page_load_metrics_update_dispatcher.cc(170)] Invalid first_paint 0.127 s for first_image_paint 0.095 s
5월 13, 2021 17:35:20.773 [6212:5984:0513/173520.773:ERROR:page_load_metrics_update_dispatcher.cc(170)] Invalid first_paint 0.127 s for first_image_paint 0.095 s
5월 13, 2021 17:40:20.740 [6212:5984:0513/174020.740:ERROR:page_load_metrics_update_dispatcher.cc(170)] Invalid first_paint 0.127 s for first_image_paint 0.095 s
5월 13, 2021 17:45:20.736 [6212:5984:0513/174520.736:ERROR:page_load_metrics_update_dispatcher.cc(170)] Invalid first_paint 0.127 s for first_image_paint 0.095 s

5월 14, 2021 10:32:34.857 NEW SESSION
5월 14, 2021 10:32:34.857 [5904:1260:0514/103234.855:ERROR:device_event_log_impl.cc(214)] [10:32:34.855] Bluetooth: bluetooth_adapter_winrt.cc:1072 Getting Default Adapter failed.
5월 14, 2021 10:46:12.531 [6828:9164:0514/104612.530:ERROR:device_event_log_impl.cc(214)] [10:46:12.530] Bluetooth: bluetooth_adapter_winrt.cc:1072 Getting Default Adapter failed.
5월 14, 2021 10:46:35.51 [3616:340:0514/104635.051:ERROR:device_event_log_impl.cc(214)] [10:46:35.052] Bluetooth: bluetooth_adapter_winrt.cc:1072 Getting Default Adapter failed.
5월 14, 2021 14:32:47.792 [3012:9612:0514/143247.792:ERROR:device_event_log_impl.cc(214)] [14:32:47.792] Bluetooth: bluetooth_adapter_winrt.cc:1072 Getting Default Adapter failed.
5월 14, 2021 15:14:32.335 [8404:6056:0514/151432.335:ERROR:device_event_log_impl.cc(214)] [15:14:32.335] Bluetooth: bluetooth_adapter_winrt.cc:1072 Getting Default Adapter failed.
5월 14, 2021 15:20:26.720 [4540:11260:0514/152026.720:ERROR:device_event_log_impl.cc(214)] [15:20:26.720] Bluetooth: bluetooth_adapter_winrt.cc:1072 Getting Default Adapter failed.
5월 14, 2021 15:25:50.789 [1504:7020:0514/152550.789:ERROR:device_event_log_impl.cc(214)] [15:25:50.789] Bluetooth: bluetooth_adapter_winrt.cc:1072 Getting Default Adapter failed.
5월 14, 2021 15:26:14.258 [8076:6988:0514/152614.258:ERROR:device_event_log_impl.cc(214)] [15:26:14.259] Bluetooth: bluetooth_adapter_winrt.cc:1072 Getting Default Adapter failed.
5월 14, 2021 15:55:18.431 [3392:4832:0514/155518.431:ERROR:device_event_log_impl.cc(214)] [15:55:18.431] Bluetooth: bluetooth_adapter_winrt.cc:1072 Getting Default Adapter failed.
5월 14, 2021 16:37:56.540 [12740:3024:0514/163756.539:ERROR:device_event_log_impl.cc(214)] [16:37:56.540] Bluetooth: bluetooth_adapter_winrt.cc:1072 Getting Default Adapter failed.
5월 14, 2021 16:38:54.911 [11092:8276:0514/163854.910:ERROR:device_event_log_impl.cc(214)] [16:38:54.911] Bluetooth: bluetooth_adapter_winrt.cc:1072 Getting Default Adapter failed.
5월 14, 2021 17:27:57.499 [10552:10624:0514/172757.499:ERROR:device_event_log_impl.cc(214)] [17:27:57.499] Bluetooth: bluetooth_adapter_winrt.cc:1072 Getting Default Adapter failed.

5월 17, 2021 09:30:31.381 NEW SESSION
5월 17, 2021 09:30:31.381 [4220:732:0517/093031.379:ERROR:device_event_log_impl.cc(214)] [09:30:31.379] Bluetooth: bluetooth_adapter_winrt.cc:1072 Getting Default Adapter failed.
5월 17, 2021 10:26:39.133 [5504:4728:0517/102639.133:ERROR:device_event_log_impl.cc(214)] [10:26:39.133] Bluetooth: bluetooth_adapter_winrt.cc:1072 Getting Default Adapter failed.
5월 17, 2021 10:39:05.194 [2788:3624:0517/103905.194:ERROR:device_event_log_impl.cc(214)] [10:39:05.194] Bluetooth: bluetooth_adapter_winrt.cc:1072 Getting Default Adapter failed.
5월 17, 2021 10:43:21.912 [2584:3344:0517/104321.912:ERROR:device_event_log_impl.cc(214)] [10:43:21.911] Bluetooth: bluetooth_adapter_winrt.cc:1072 Getting Default Adapter failed.
5월 17, 2021 14:19:07.150 [2584:3344:0517/141907.149:ERROR:page_load_metrics_update_dispatcher.cc(170)] Invalid first_paint 0.23 s for first_image_paint 0.215 s
5월 17, 2021 14:19:08.180 [2584:3344:0517/141908.179:ERROR:page_load_metrics_update_dispatcher.cc(170)] Invalid first_paint 0.23 s for first_image_paint 0.215 s
5월 17, 2021 14:19:09.607 [2584:3344:0517/141909.607:ERROR:page_load_metrics_update_dispatcher.cc(170)] Invalid first_paint 0.23 s for first_image_paint 0.215 s
5월 17, 2021 14:19:10.614 [2584:3344:0517/141910.614:ERROR:page_load_metrics_update_dispatcher.cc(170)] Invalid first_paint 0.23 s for first_image_paint 0.215 s
5월 17, 2021 14:19:11.639 [2584:3344:0517/141911.639:ERROR:page_load_metrics_update_dispatcher.cc(170)] Invalid first_paint 0.23 s for first_image_paint 0.215 s
5월 17, 2021 17:03:11.50 [9108:10220:0517/170311.050:ERROR:device_event_log_impl.cc(214)] [17:03:11.050] Bluetooth: bluetooth_adapter_winrt.cc:1072 Getting Default Adapter failed.

5월 18, 2021 09:10:18.905 NEW SESSION
5월 18, 2021 09:10:18.905 [8700:8312:0518/091018.901:ERROR:device_event_log_impl.cc(214)] [09:10:18.902] Bluetooth: bluetooth_adapter_winrt.cc:1072 Getting Default Adapter failed.
5월 18, 2021 09:13:41.599 [8240:2644:0518/091341.599:ERROR:device_event_log_impl.cc(214)] [09:13:41.599] Bluetooth: bluetooth_adapter_winrt.cc:1072 Getting Default Adapter failed.
5월 18, 2021 09:13:55.30 [4728:9184:0518/091355.030:ERROR:device_event_log_impl.cc(214)] [09:13:55.031] Bluetooth: bluetooth_adapter_winrt.cc:1072 Getting Default Adapter failed.
5월 18, 2021 09:47:49.529 [1640:5300:0518/094749.529:ERROR:device_event_log_impl.cc(214)] [09:47:49.528] Bluetooth: bluetooth_adapter_winrt.cc:1072 Getting Default Adapter failed.
5월 18, 2021 16:52:19.355 [1640:5300:0518/165219.355:ERROR:device_event_log_impl.cc(214)] [16:52:19.355] USB: usb_service_win.cc:258 Failed to get device driver name: 요소가 없습니다. (0x490)

5월 20, 2021 10:42:39.604 NEW SESSION
5월 20, 2021 10:42:39.604 [7940:7064:0520/104239.602:ERROR:device_event_log_impl.cc(214)] [10:42:39.603] Bluetooth: bluetooth_adapter_winrt.cc:1072 Getting Default Adapter failed.
5월 20, 2021 11:42:23.22 [3616:2472:0520/114223.022:ERROR:device_event_log_impl.cc(214)] [11:42:23.022] Bluetooth: bluetooth_adapter_winrt.cc:1072 Getting Default Adapter failed.

5월 21, 2021 09:14:41.709 NEW SESSION
5월 21, 2021 09:14:41.709 [8396:3688:0521/091441.708:ERROR:device_event_log_impl.cc(214)] [09:14:41.708] Bluetooth: bluetooth_adapter_winrt.cc:1072 Getting Default Adapter failed.
5월 21, 2021 11:47:42.994 [2500:1500:0521/114742.993:ERROR:device_event_log_impl.cc(214)] [11:47:42.993] Bluetooth: bluetooth_adapter_winrt.cc:1072 Getting Default Adapter failed.

5월 21, 2021 17:47:27.759 NEW SESSION
5월 21, 2021 17:47:27.760 [4228:8028:0521/174727.758:ERROR:device_event_log_impl.cc(214)] [17:47:27.758] Bluetooth: bluetooth_adapter_winrt.cc:1072 Getting Default Adapter failed.

5월 24, 2021 09:15:39.789 NEW SESSION
5월 24, 2021 09:15:39.789 [7464:5680:0524/091539.787:ERROR:device_event_log_impl.cc(214)] [09:15:39.788] Bluetooth: bluetooth_adapter_winrt.cc:1072 Getting Default Adapter failed.
5월 24, 2021 09:24:09.942 [5848:5464:0524/092409.941:ERROR:device_event_log_impl.cc(214)] [09:24:09.941] Bluetooth: bluetooth_adapter_winrt.cc:1072 Getting Default Adapter failed.
5월 24, 2021 10:22:11.220 [6228:8072:0524/102211.220:ERROR:device_event_log_impl.cc(214)] [10:22:11.220] Bluetooth: bluetooth_adapter_winrt.cc:1072 Getting Default Adapter failed.

5월 24, 2021 14:22:37.494 NEW SESSION
5월 24, 2021 14:22:37.494 [7884:6944:0524/142237.492:ERROR:device_event_log_impl.cc(214)] [14:22:37.492] Bluetooth: bluetooth_adapter_winrt.cc:1072 Getting Default Adapter failed.
5월 24, 2021 14:47:02.129 [2536:7628:0524/144702.129:ERROR:device_event_log_impl.cc(214)] [14:47:02.129] Bluetooth: bluetooth_adapter_winrt.cc:1072 Getting Default Adapter failed.
5월 24, 2021 14:48:24.928 [880:1856:0524/144824.928:ERROR:device_event_log_impl.cc(214)] [14:48:24.927] Bluetooth: bluetooth_adapter_winrt.cc:1072 Getting Default Adapter failed.
5월 24, 2021 17:46:02.908 [8288:2684:0524/174602.908:ERROR:device_event_log_impl.cc(214)] [17:46:02.908] Bluetooth: bluetooth_adapter_winrt.cc:1072 Getting Default Adapter failed.

5월 25, 2021 10:08:46.370 NEW SESSION
5월 25, 2021 10:08:46.370 [8536:4244:0525/100846.368:ERROR:device_event_log_impl.cc(214)] [10:08:46.368] Bluetooth: bluetooth_adapter_winrt.cc:1072 Getting Default Adapter failed.
5월 25, 2021 10:10:28.06 [8872:3080:0525/101028.006:ERROR:device_event_log_impl.cc(214)] [10:10:28.006] Bluetooth: bluetooth_adapter_winrt.cc:1072 Getting Default Adapter failed.
5월 25, 2021 10:10:51.577 [7524:8116:0525/101051.576:ERROR:device_event_log_impl.cc(214)] [10:10:51.576] Bluetooth: bluetooth_adapter_winrt.cc:1072 Getting Default Adapter failed.
5월 25, 2021 10:11:14.452 [1820:8724:0525/101114.452:ERROR:device_event_log_impl.cc(214)] [10:11:14.452] Bluetooth: bluetooth_adapter_winrt.cc:1072 Getting Default Adapter failed.
5월 25, 2021 10:13:10.768 [5268:8552:0525/101310.768:ERROR:device_event_log_impl.cc(214)] [10:13:10.767] Bluetooth: bluetooth_adapter_winrt.cc:1072 Getting Default Adapter failed.
5월 25, 2021 10:15:40.922 [2196:8340:0525/101540.921:ERROR:device_event_log_impl.cc(214)] [10:15:40.921] Bluetooth: bluetooth_adapter_winrt.cc:1072 Getting Default Adapter failed.
5월 25, 2021 10:16:13.611 [7580:2996:0525/101613.610:ERROR:device_event_log_impl.cc(214)] [10:16:13.611] Bluetooth: bluetooth_adapter_winrt.cc:1072 Getting Default Adapter failed.
5월 25, 2021 10:17:43.140 [5868:7228:0525/101743.139:ERROR:device_event_log_impl.cc(214)] [10:17:43.139] Bluetooth: bluetooth_adapter_winrt.cc:1072 Getting Default Adapter failed.
5월 25, 2021 10:28:00.261 [2488:4252:0525/102800.261:ERROR:device_event_log_impl.cc(214)] [10:28:00.261] Bluetooth: bluetooth_adapter_winrt.cc:1072 Getting Default Adapter failed.
5월 25, 2021 10:33:17.861 [4432:252:0525/103317.860:ERROR:device_event_log_impl.cc(214)] [10:33:17.860] Bluetooth: bluetooth_adapter_winrt.cc:1072 Getting Default Adapter failed.
5월 25, 2021 10:49:58.433 [3392:1548:0525/104958.433:ERROR:device_event_log_impl.cc(214)] [10:49:58.434] Bluetooth: bluetooth_adapter_winrt.cc:1072 Getting Default Adapter failed.
5월 25, 2021 11:40:12.476 [5948:5532:0525/114012.476:ERROR:device_event_log_impl.cc(214)] [11:40:12.476] Bluetooth: bluetooth_adapter_winrt.cc:1072 Getting Default Adapter failed.
5월 25, 2021 11:42:26.128 [3860:2308:0525/114226.128:ERROR:device_event_log_impl.cc(214)] [11:42:26.128] Bluetooth: bluetooth_adapter_winrt.cc:1072 Getting Default Adapter failed.
5월 25, 2021 11:49:17.516 [5384:8748:0525/114917.516:ERROR:device_event_log_impl.cc(214)] [11:49:17.515] Bluetooth: bluetooth_adapter_winrt.cc:1072 Getting Default Adapter failed.
5월 25, 2021 11:49:31.914 [6612:5688:0525/114931.914:ERROR:device_event_log_impl.cc(214)] [11:49:31.915] Bluetooth: bluetooth_adapter_winrt.cc:1072 Getting Default Adapter failed.
5월 25, 2021 11:51:52.549 [5736:3860:0525/115152.549:ERROR:device_event_log_impl.cc(214)] [11:51:52.550] Bluetooth: bluetooth_adapter_winrt.cc:1072 Getting Default Adapter failed.
5월 25, 2021 11:57:25.736 [2592:6412:0525/115725.736:ERROR:device_event_log_impl.cc(214)] [11:57:25.736] Bluetooth: bluetooth_adapter_winrt.cc:1072 Getting Default Adapter failed.
5월 25, 2021 11:59:21.443 [6136:2392:0525/115921.443:ERROR:device_event_log_impl.cc(214)] [11:59:21.443] Bluetooth: bluetooth_adapter_winrt.cc:1072 Getting Default Adapter failed.
5월 25, 2021 12:01:01.980 [2432:8320:0525/120101.980:ERROR:device_event_log_impl.cc(214)] [12:01:01.981] Bluetooth: bluetooth_adapter_winrt.cc:1072 Getting Default Adapter failed.
5월 25, 2021 12:08:09.954 [6708:5524:0525/120809.954:ERROR:device_event_log_impl.cc(214)] [12:08:09.955] Bluetooth: bluetooth_adapter_winrt.cc:1072 Getting Default Adapter failed.
5월 25, 2021 12:10:03.499 [5124:288:0525/121003.499:ERROR:device_event_log_impl.cc(214)] [12:10:03.499] Bluetooth: bluetooth_adapter_winrt.cc:1072 Getting Default Adapter failed.
5월 25, 2021 12:11:27.661 [5000:3992:0525/121127.661:ERROR:device_event_log_impl.cc(214)] [12:11:27.661] Bluetooth: bluetooth_adapter_winrt.cc:1072 Getting Default Adapter failed.
5월 25, 2021 12:12:14.61 [6952:7640:0525/121214.061:ERROR:device_event_log_impl.cc(214)] [12:12:14.061] Bluetooth: bluetooth_adapter_winrt.cc:1072 Getting Default Adapter failed.
5월 25, 2021 12:12:53.310 [1288:3208:0525/121253.310:ERROR:device_event_log_impl.cc(214)] [12:12:53.310] Bluetooth: bluetooth_adapter_winrt.cc:1072 Getting Default Adapter failed.
5월 25, 2021 12:13:53.897 [888:4232:0525/121353.897:ERROR:device_event_log_impl.cc(214)] [12:13:53.897] Bluetooth: bluetooth_adapter_winrt.cc:1072 Getting Default Adapter failed.
5월 25, 2021 12:14:51.254 [3572:2464:0525/121451.254:ERROR:device_event_log_impl.cc(214)] [12:14:51.254] Bluetooth: bluetooth_adapter_winrt.cc:1072 Getting Default Adapter failed.
5월 25, 2021 12:17:36.95 [4672:1804:0525/121736.095:ERROR:device_event_log_impl.cc(214)] [12:17:36.095] Bluetooth: bluetooth_adapter_winrt.cc:1072 Getting Default Adapter failed.
5월 25, 2021 12:20:12.231 [8668:32:0525/122012.231:ERROR:device_event_log_impl.cc(214)] [12:20:12.231] Bluetooth: bluetooth_adapter_winrt.cc:1072 Getting Default Adapter failed.
5월 25, 2021 12:22:50.81 [7608:4828:0525/122250.081:ERROR:device_event_log_impl.cc(214)] [12:22:50.081] Bluetooth: bluetooth_adapter_winrt.cc:1072 Getting Default Adapter failed.
5월 25, 2021 12:23:38.824 [7700:5000:0525/122338.823:ERROR:device_event_log_impl.cc(214)] [12:23:38.824] Bluetooth: bluetooth_adapter_winrt.cc:1072 Getting Default Adapter failed.
5월 25, 2021 12:26:13.110 [5316:4252:0525/122613.110:ERROR:device_event_log_impl.cc(214)] [12:26:13.110] Bluetooth: bluetooth_adapter_winrt.cc:1072 Getting Default Adapter failed.
5월 25, 2021 12:32:28.838 [8724:4688:0525/123228.838:ERROR:device_event_log_impl.cc(214)] [12:32:28.838] Bluetooth: bluetooth_adapter_winrt.cc:1072 Getting Default Adapter failed.
5월 25, 2021 12:32:47.872 [8904:3968:0525/123247.872:ERROR:device_event_log_impl.cc(214)] [12:32:47.872] Bluetooth: bluetooth_adapter_winrt.cc:1072 Getting Default Adapter failed.
5월 25, 2021 14:21:37.35 [2300:2880:0525/142137.035:ERROR:device_event_log_impl.cc(214)] [14:21:37.036] Bluetooth: bluetooth_adapter_winrt.cc:1072 Getting Default Adapter failed.
5월 25, 2021 14:24:32.794 [8888:5380:0525/142432.793:ERROR:device_event_log_impl.cc(214)] [14:24:32.794] Bluetooth: bluetooth_adapter_winrt.cc:1072 Getting Default Adapter failed.
5월 25, 2021 14:44:10.953 [2684:1348:0525/144410.953:ERROR:device_event_log_impl.cc(214)] [14:44:10.953] Bluetooth: bluetooth_adapter_winrt.cc:1072 Getting Default Adapter failed.
5월 25, 2021 14:47:32.401 [3572:1100:0525/144732.401:ERROR:device_event_log_impl.cc(214)] [14:47:32.400] Bluetooth: bluetooth_adapter_winrt.cc:1072 Getting Default Adapter failed.
5월 25, 2021 14:52:18.106 [4148:5728:0525/145218.106:ERROR:device_event_log_impl.cc(214)] [14:52:18.105] Bluetooth: bluetooth_adapter_winrt.cc:1072 Getting Default Adapter failed.
5월 25, 2021 14:53:51.478 [2880:1312:0525/145351.478:ERROR:device_event_log_impl.cc(214)] [14:53:51.478] Bluetooth: bluetooth_adapter_winrt.cc:1072 Getting Default Adapter failed.
5월 25, 2021 14:55:34.453 [8028:6880:0525/145534.452:ERROR:device_event_log_impl.cc(214)] [14:55:34.453] Bluetooth: bluetooth_adapter_winrt.cc:1072 Getting Default Adapter failed.
5월 25, 2021 14:57:11.760 [4672:8436:0525/145711.760:ERROR:device_event_log_impl.cc(214)] [14:57:11.760] Bluetooth: bluetooth_adapter_winrt.cc:1072 Getting Default Adapter failed.
5월 25, 2021 14:58:25.379 [7612:4696:0525/145825.378:ERROR:device_event_log_impl.cc(214)] [14:58:25.378] Bluetooth: bluetooth_adapter_winrt.cc:1072 Getting Default Adapter failed.
5월 25, 2021 15:07:15.245 [3388:5364:0525/150715.245:ERROR:device_event_log_impl.cc(214)] [15:07:15.246] Bluetooth: bluetooth_adapter_winrt.cc:1072 Getting Default Adapter failed.
5월 25, 2021 15:10:04.521 [384:4432:0525/151004.521:ERROR:device_event_log_impl.cc(214)] [15:10:04.521] Bluetooth: bluetooth_adapter_winrt.cc:1072 Getting Default Adapter failed.
5월 25, 2021 15:38:39.116 [7132:2256:0525/153839.116:ERROR:device_event_log_impl.cc(214)] [15:38:39.116] Bluetooth: bluetooth_adapter_winrt.cc:1072 Getting Default Adapter failed.
5월 25, 2021 15:38:56.16 [2400:4696:0525/153856.016:ERROR:device_event_log_impl.cc(214)] [15:38:56.016] Bluetooth: bluetooth_adapter_winrt.cc:1072 Getting Default Adapter failed.
5월 25, 2021 15:40:08.993 [2468:1348:0525/154008.993:ERROR:device_event_log_impl.cc(214)] [15:40:08.993] Bluetooth: bluetooth_adapter_winrt.cc:1072 Getting Default Adapter failed.
5월 25, 2021 15:40:20.128 [2024:2924:0525/154020.128:ERROR:device_event_log_impl.cc(214)] [15:40:20.128] Bluetooth: bluetooth_adapter_winrt.cc:1072 Getting Default Adapter failed.
5월 25, 2021 15:41:00.443 [7608:3724:0525/154100.443:ERROR:device_event_log_impl.cc(214)] [15:41:00.443] Bluetooth: bluetooth_adapter_winrt.cc:1072 Getting Default Adapter failed.
5월 25, 2021 15:41:31.455 [5720:3312:0525/154131.455:ERROR:device_event_log_impl.cc(214)] [15:41:31.455] Bluetooth: bluetooth_adapter_winrt.cc:1072 Getting Default Adapter failed.
5월 25, 2021 15:42:00.95 [2592:796:0525/154200.094:ERROR:device_event_log_impl.cc(214)] [15:42:00.095] Bluetooth: bluetooth_adapter_winrt.cc:1072 Getting Default Adapter failed.
5월 25, 2021 15:47:37.148 [2532:2024:0525/154737.148:ERROR:device_event_log_impl.cc(214)] [15:47:37.148] Bluetooth: bluetooth_adapter_winrt.cc:1072 Getting Default Adapter failed.
5월 25, 2021 15:47:47.324 [5752:2400:0525/154747.324:ERROR:device_event_log_impl.cc(214)] [15:47:47.324] Bluetooth: bluetooth_adapter_winrt.cc:1072 Getting Default Adapter failed.
5월 25, 2021 15:48:33.467 [248:5264:0525/154833.467:ERROR:device_event_log_impl.cc(214)] [15:48:33.467] Bluetooth: bluetooth_adapter_winrt.cc:1072 Getting Default Adapter failed.
5월 25, 2021 15:50:52.895 [8308:7704:0525/155052.895:ERROR:device_event_log_impl.cc(214)] [15:50:52.895] Bluetooth: bluetooth_adapter_winrt.cc:1072 Getting Default Adapter failed.
5월 25, 2021 15:51:56.724 [6288:6696:0525/155156.723:ERROR:device_event_log_impl.cc(214)] [15:51:56.723] Bluetooth: bluetooth_adapter_winrt.cc:1072 Getting Default Adapter failed.
5월 25, 2021 15:52:14.897 [3652:5484:0525/155214.897:ERROR:device_event_log_impl.cc(214)] [15:52:14.896] Bluetooth: bluetooth_adapter_winrt.cc:1072 Getting Default Adapter failed.
5월 25, 2021 15:54:49.909 [7964:9100:0525/155449.909:ERROR:device_event_log_impl.cc(214)] [15:54:49.909] Bluetooth: bluetooth_adapter_winrt.cc:1072 Getting Default Adapter failed.

5월 26, 2021 09:24:50.861 NEW SESSION
5월 26, 2021 09:24:50.861 [4928:7076:0526/092450.860:ERROR:device_event_log_impl.cc(214)] [09:24:50.860] Bluetooth: bluetooth_adapter_winrt.cc:1072 Getting Default Adapter failed.
5월 26, 2021 09:25:31.455 [7064:4264:0526/092531.454:ERROR:device_event_log_impl.cc(214)] [09:25:31.453] Bluetooth: bluetooth_adapter_winrt.cc:1072 Getting Default Adapter failed.
5월 26, 2021 09:29:49.550 [5224:9740:0526/092949.550:ERROR:device_event_log_impl.cc(214)] [09:29:49.549] Bluetooth: bluetooth_adapter_winrt.cc:1072 Getting Default Adapter failed.
5월 26, 2021 09:30:58.895 [7996:10036:0526/093058.894:ERROR:device_event_log_impl.cc(214)] [09:30:58.895] Bluetooth: bluetooth_adapter_winrt.cc:1072 Getting Default Adapter failed.
5월 26, 2021 09:33:50.397 [7968:6124:0526/093350.397:ERROR:device_event_log_impl.cc(214)] [09:33:50.397] Bluetooth: bluetooth_adapter_winrt.cc:1072 Getting Default Adapter failed.
5월 26, 2021 09:53:00.504 [5484:9444:0526/095300.504:ERROR:device_event_log_impl.cc(214)] [09:53:00.503] Bluetooth: bluetooth_adapter_winrt.cc:1072 Getting Default Adapter failed.
5월 26, 2021 10:21:23.406 [9308:9440:0526/102123.406:ERROR:device_event_log_impl.cc(214)] [10:21:23.405] Bluetooth: bluetooth_adapter_winrt.cc:1072 Getting Default Adapter failed.
5월 26, 2021 10:32:06.785 [3008:2816:0526/103206.785:ERROR:device_event_log_impl.cc(214)] [10:32:06.784] Bluetooth: bluetooth_adapter_winrt.cc:1072 Getting Default Adapter failed.
5월 26, 2021 10:38:05.738 [3648:1844:0526/103805.738:ERROR:device_event_log_impl.cc(214)] [10:38:05.738] Bluetooth: bluetooth_adapter_winrt.cc:1072 Getting Default Adapter failed.
5월 26, 2021 10:39:14.478 [8964:5392:0526/103914.478:ERROR:device_event_log_impl.cc(214)] [10:39:14.478] Bluetooth: bluetooth_adapter_winrt.cc:1072 Getting Default Adapter failed.
5월 26, 2021 11:27:37.134 [9916:5776:0526/112737.134:ERROR:device_event_log_impl.cc(214)] [11:27:37.134] Bluetooth: bluetooth_adapter_winrt.cc:1072 Getting Default Adapter failed.
5월 26, 2021 11:29:42.420 [7444:4452:0526/112942.420:ERROR:device_event_log_impl.cc(214)] [11:29:42.420] Bluetooth: bluetooth_adapter_winrt.cc:1072 Getting Default Adapter failed.
5월 26, 2021 11:30:42.415 [9016:1452:0526/113042.415:ERROR:device_event_log_impl.cc(214)] [11:30:42.414] Bluetooth: bluetooth_adapter_winrt.cc:1072 Getting Default Adapter failed.
5월 26, 2021 11:32:21.222 [5580:10192:0526/113221.222:ERROR:device_event_log_impl.cc(214)] [11:32:21.222] Bluetooth: bluetooth_adapter_winrt.cc:1072 Getting Default Adapter failed.
5월 26, 2021 11:34:21.951 [9464:9940:0526/113421.950:ERROR:device_event_log_impl.cc(214)] [11:34:21.950] Bluetooth: bluetooth_adapter_winrt.cc:1072 Getting Default Adapter failed.
5월 26, 2021 11:36:42.833 [1256:3592:0526/113642.832:ERROR:device_event_log_impl.cc(214)] [11:36:42.833] Bluetooth: bluetooth_adapter_winrt.cc:1072 Getting Default Adapter failed.
5월 26, 2021 11:38:15.994 [3300:7396:0526/113815.994:ERROR:device_event_log_impl.cc(214)] [11:38:15.995] Bluetooth: bluetooth_adapter_winrt.cc:1072 Getting Default Adapter failed.
5월 26, 2021 11:55:50.930 [8484:3348:0526/115550.930:ERROR:device_event_log_impl.cc(214)] [11:55:50.930] Bluetooth: bluetooth_adapter_winrt.cc:1072 Getting Default Adapter failed.
5월 26, 2021 12:20:38.971 [8280:1084:0526/122038.970:ERROR:device_event_log_impl.cc(214)] [12:20:38.970] Bluetooth: bluetooth_adapter_winrt.cc:1072 Getting Default Adapter failed.
5월 26, 2021 12:23:53.436 [1756:2660:0526/122353.436:ERROR:device_event_log_impl.cc(214)] [12:23:53.436] Bluetooth: bluetooth_adapter_winrt.cc:1072 Getting Default Adapter failed.
5월 26, 2021 12:24:26.736 [10064:3876:0526/122426.735:ERROR:device_event_log_impl.cc(214)] [12:24:26.735] Bluetooth: bluetooth_adapter_winrt.cc:1072 Getting Default Adapter failed.
5월 26, 2021 12:29:21.794 [1084:2676:0526/122921.794:ERROR:device_event_log_impl.cc(214)] [12:29:21.794] Bluetooth: bluetooth_adapter_winrt.cc:1072 Getting Default Adapter failed.
5월 26, 2021 12:29:46.126 [5736:440:0526/122946.126:ERROR:device_event_log_impl.cc(214)] [12:29:46.126] Bluetooth: bluetooth_adapter_winrt.cc:1072 Getting Default Adapter failed.
5월 26, 2021 12:30:27.332 [9012:9892:0526/123027.332:ERROR:device_event_log_impl.cc(214)] [12:30:27.332] Bluetooth: bluetooth_adapter_winrt.cc:1072 Getting Default Adapter failed.
5월 26, 2021 12:31:40.25 [9292:8856:0526/123140.025:ERROR:device_event_log_impl.cc(214)] [12:31:40.025] Bluetooth: bluetooth_adapter_winrt.cc:1072 Getting Default Adapter failed.
5월 26, 2021 12:32:00.863 [7340:2972:0526/123200.863:ERROR:device_event_log_impl.cc(214)] [12:32:00.864] Bluetooth: bluetooth_adapter_winrt.cc:1072 Getting Default Adapter failed.
5월 26, 2021 12:47:47.473 [7252:1180:0526/124747.473:ERROR:device_event_log_impl.cc(214)] [12:47:47.473] Bluetooth: bluetooth_adapter_winrt.cc:1072 Getting Default Adapter failed.
5월 26, 2021 12:48:56.84 [5772:9008:0526/124856.084:ERROR:device_event_log_impl.cc(214)] [12:48:56.084] Bluetooth: bluetooth_adapter_winrt.cc:1072 Getting Default Adapter failed.
5월 26, 2021 13:32:36.778 [7660:5468:0526/133236.778:ERROR:device_event_log_impl.cc(214)] [13:32:36.778] Bluetooth: bluetooth_adapter_winrt.cc:1072 Getting Default Adapter failed.
5월 26, 2021 13:33:44.334 [7420:2296:0526/133344.334:ERROR:device_event_log_impl.cc(214)] [13:33:44.334] Bluetooth: bluetooth_adapter_winrt.cc:1072 Getting Default Adapter failed.
5월 26, 2021 13:37:13.939 [344:3708:0526/133713.938:ERROR:device_event_log_impl.cc(214)] [13:37:13.938] Bluetooth: bluetooth_adapter_winrt.cc:1072 Getting Default Adapter failed.
5월 26, 2021 13:39:39.845 [1820:10204:0526/133939.845:ERROR:device_event_log_impl.cc(214)] [13:39:39.845] Bluetooth: bluetooth_adapter_winrt.cc:1072 Getting Default Adapter failed.
5월 26, 2021 13:40:28.535 [10036:4724:0526/134028.534:ERROR:device_event_log_impl.cc(214)] [13:40:28.534] Bluetooth: bluetooth_adapter_winrt.cc:1072 Getting Default Adapter failed.
5월 26, 2021 13:47:16.631 [9324:4052:0526/134716.631:ERROR:device_event_log_impl.cc(214)] [13:47:16.631] Bluetooth: bluetooth_adapter_winrt.cc:1072 Getting Default Adapter failed.
5월 26, 2021 13:49:18.256 [2012:9756:0526/134918.255:ERROR:device_event_log_impl.cc(214)] [13:49:18.256] Bluetooth: bluetooth_adapter_winrt.cc:1072 Getting Default Adapter failed.
5월 26, 2021 14:04:48.987 [3976:7000:0526/140448.987:ERROR:device_event_log_impl.cc(214)] [14:04:48.986] Bluetooth: bluetooth_adapter_winrt.cc:1072 Getting Default Adapter failed.
5월 26, 2021 14:10:59.798 [3436:7052:0526/141059.798:ERROR:device_event_log_impl.cc(214)] [14:10:59.798] Bluetooth: bluetooth_adapter_winrt.cc:1072 Getting Default Adapter failed.
5월 26, 2021 14:16:59.773 [9280:5112:0526/141659.773:ERROR:device_event_log_impl.cc(214)] [14:16:59.773] Bluetooth: bluetooth_adapter_winrt.cc:1072 Getting Default Adapter failed.
5월 26, 2021 14:32:45.267 [1188:3352:0526/143245.267:ERROR:device_event_log_impl.cc(214)] [14:32:45.266] Bluetooth: bluetooth_adapter_winrt.cc:1072 Getting Default Adapter failed.
5월 26, 2021 14:36:02.40 [6728:6740:0526/143602.040:ERROR:device_event_log_impl.cc(214)] [14:36:02.040] Bluetooth: bluetooth_adapter_winrt.cc:1072 Getting Default Adapter failed.
5월 26, 2021 14:37:53.930 [9232:1452:0526/143753.929:ERROR:device_event_log_impl.cc(214)] [14:37:53.929] Bluetooth: bluetooth_adapter_winrt.cc:1072 Getting Default Adapter failed.
5월 26, 2021 14:42:18.976 [10016:9252:0526/144218.975:ERROR:device_event_log_impl.cc(214)] [14:42:18.976] Bluetooth: bluetooth_adapter_winrt.cc:1072 Getting Default Adapter failed.
5월 26, 2021 14:43:00.151 [3648:9680:0526/144300.151:ERROR:device_event_log_impl.cc(214)] [14:43:00.150] Bluetooth: bluetooth_adapter_winrt.cc:1072 Getting Default Adapter failed.
5월 26, 2021 14:44:47.280 [728:1676:0526/144447.280:ERROR:device_event_log_impl.cc(214)] [14:44:47.279] Bluetooth: bluetooth_adapter_winrt.cc:1072 Getting Default Adapter failed.
5월 26, 2021 14:46:38.352 [7372:1188:0526/144638.352:ERROR:device_event_log_impl.cc(214)] [14:46:38.351] Bluetooth: bluetooth_adapter_winrt.cc:1072 Getting Default Adapter failed.
5월 26, 2021 15:07:22.785 [3012:9764:0526/150722.785:ERROR:device_event_log_impl.cc(214)] [15:07:22.784] Bluetooth: bluetooth_adapter_winrt.cc:1072 Getting Default Adapter failed.
5월 26, 2021 15:40:01.978 [1040:7116:0526/154001.977:ERROR:device_event_log_impl.cc(214)] [15:40:01.978] Bluetooth: bluetooth_adapter_winrt.cc:1072 Getting Default Adapter failed.
5월 26, 2021 16:14:42.175 [5484:8928:0526/161442.175:ERROR:device_event_log_impl.cc(214)] [16:14:42.175] Bluetooth: bluetooth_adapter_winrt.cc:1072 Getting Default Adapter failed.
5월 26, 2021 16:31:10.750 [7380:4848:0526/163110.750:ERROR:device_event_log_impl.cc(214)] [16:31:10.750] Bluetooth: bluetooth_adapter_winrt.cc:1072 Getting Default Adapter failed.
5월 26, 2021 17:38:55.757 [4592:2232:0526/173855.757:ERROR:device_event_log_impl.cc(214)] [17:38:55.757] Bluetooth: bluetooth_adapter_winrt.cc:1072 Getting Default Adapter failed.

5월 26, 2021 17:48:06.35 NEW SESSION
5월 26, 2021 17:48:06.35 [9368:528:0526/174806.034:ERROR:device_event_log_impl.cc(214)] [17:48:06.027] Bluetooth: bluetooth_adapter_winrt.cc:1072 Getting Default Adapter failed.

5월 27, 2021 09:01:36.614 NEW SESSION
5월 27, 2021 09:01:36.614 [2056:2636:0527/090136.612:ERROR:device_event_log_impl.cc(214)] [09:01:36.612] Bluetooth: bluetooth_adapter_winrt.cc:1072 Getting Default Adapter failed.
5월 27, 2021 09:03:51.297 [8996:5896:0527/090351.297:ERROR:device_event_log_impl.cc(214)] [09:03:51.297] Bluetooth: bluetooth_adapter_winrt.cc:1072 Getting Default Adapter failed.
5월 27, 2021 09:04:07.573 [6216:8676:0527/090407.572:ERROR:device_event_log_impl.cc(214)] [09:04:07.572] Bluetooth: bluetooth_adapter_winrt.cc:1072 Getting Default Adapter failed.
5월 27, 2021 09:06:17.726 [1748:6084:0527/090617.725:ERROR:device_event_log_impl.cc(214)] [09:06:17.725] Bluetooth: bluetooth_adapter_winrt.cc:1072 Getting Default Adapter failed.
5월 27, 2021 09:06:36.236 [9660:9664:0527/090636.235:ERROR:device_event_log_impl.cc(214)] [09:06:36.236] Bluetooth: bluetooth_adapter_winrt.cc:1072 Getting Default Adapter failed.
5월 27, 2021 09:43:17.133 [8080:5100:0527/094317.132:ERROR:device_event_log_impl.cc(214)] [09:43:17.132] Bluetooth: bluetooth_adapter_winrt.cc:1072 Getting Default Adapter failed.
5월 27, 2021 09:43:43.964 [3652:2788:0527/094343.963:ERROR:device_event_log_impl.cc(214)] [09:43:43.964] Bluetooth: bluetooth_adapter_winrt.cc:1072 Getting Default Adapter failed.
5월 27, 2021 09:45:38.755 [9316:10000:0527/094538.755:ERROR:device_event_log_impl.cc(214)] [09:45:38.755] Bluetooth: bluetooth_adapter_winrt.cc:1072 Getting Default Adapter failed.
5월 27, 2021 09:46:07.784 [1344:7340:0527/094607.783:ERROR:device_event_log_impl.cc(214)] [09:46:07.783] Bluetooth: bluetooth_adapter_winrt.cc:1072 Getting Default Adapter failed.
5월 27, 2021 09:47:23.837 [8696:6756:0527/094723.836:ERROR:device_event_log_impl.cc(214)] [09:47:23.836] Bluetooth: bluetooth_adapter_winrt.cc:1072 Getting Default Adapter failed.
5월 27, 2021 09:47:36.512 [9692:4168:0527/094736.511:ERROR:device_event_log_impl.cc(214)] [09:47:36.512] Bluetooth: bluetooth_adapter_winrt.cc:1072 Getting Default Adapter failed.
5월 27, 2021 09:48:12.858 [3604:1592:0527/094812.857:ERROR:device_event_log_impl.cc(214)] [09:48:12.858] Bluetooth: bluetooth_adapter_winrt.cc:1072 Getting Default Adapter failed.
5월 27, 2021 09:52:12.853 [6020:6012:0527/095212.853:ERROR:device_event_log_impl.cc(214)] [09:52:12.854] Bluetooth: bluetooth_adapter_winrt.cc:1072 Getting Default Adapter failed.
5월 27, 2021 09:56:30.490 [9576:3580:0527/095630.490:ERROR:device_event_log_impl.cc(214)] [09:56:30.490] Bluetooth: bluetooth_adapter_winrt.cc:1072 Getting Default Adapter failed.
5월 27, 2021 09:58:28.670 [10044:9976:0527/095828.670:ERROR:device_event_log_impl.cc(214)] [09:58:28.670] Bluetooth: bluetooth_adapter_winrt.cc:1072 Getting Default Adapter failed.
5월 27, 2021 12:19:56.452 [5752:8752:0527/121956.452:ERROR:device_event_log_impl.cc(214)] [12:19:56.452] Bluetooth: bluetooth_adapter_winrt.cc:1072 Getting Default Adapter failed.
5월 27, 2021 12:27:29.464 [2380:4360:0527/122729.463:ERROR:device_event_log_impl.cc(214)] [12:27:29.463] Bluetooth: bluetooth_adapter_winrt.cc:1072 Getting Default Adapter failed.
5월 27, 2021 12:42:57.449 [5728:4540:0527/124257.449:ERROR:device_event_log_impl.cc(214)] [12:42:57.449] Bluetooth: bluetooth_adapter_winrt.cc:1072 Getting Default Adapter failed.
5월 27, 2021 14:02:35.296 [9464:3976:0527/140235.296:ERROR:device_event_log_impl.cc(214)] [14:02:35.296] Bluetooth: bluetooth_adapter_winrt.cc:1072 Getting Default Adapter failed.

5월 28, 2021 10:10:41.31 NEW SESSION
5월 28, 2021 10:10:41.31 [4060:6200:0528/101041.030:ERROR:device_event_log_impl.cc(214)] [10:10:41.029] Bluetooth: bluetooth_adapter_winrt.cc:1072 Getting Default Adapter failed.
5월 28, 2021 10:11:54.479 [5676:1652:0528/101154.478:ERROR:device_event_log_impl.cc(214)] [10:11:54.478] Bluetooth: bluetooth_adapter_winrt.cc:1072 Getting Default Adapter failed.
5월 28, 2021 10:14:12.415 [1644:1508:0528/101412.415:ERROR:device_event_log_impl.cc(214)] [10:14:12.415] Bluetooth: bluetooth_adapter_winrt.cc:1072 Getting Default Adapter failed.
5월 28, 2021 10:16:53.713 [2880:1280:0528/101653.713:ERROR:device_event_log_impl.cc(214)] [10:16:53.713] Bluetooth: bluetooth_adapter_winrt.cc:1072 Getting Default Adapter failed.
5월 28, 2021 10:34:31.326 [2808:632:0528/103431.326:ERROR:device_event_log_impl.cc(214)] [10:34:31.325] Bluetooth: bluetooth_adapter_winrt.cc:1072 Getting Default Adapter failed.
5월 28, 2021 10:39:40.356 [3768:6280:0528/103940.356:ERROR:device_event_log_impl.cc(214)] [10:39:40.357] Bluetooth: bluetooth_adapter_winrt.cc:1072 Getting Default Adapter failed.
5월 28, 2021 10:41:06.445 [4672:7380:0528/104106.445:ERROR:device_event_log_impl.cc(214)] [10:41:06.445] Bluetooth: bluetooth_adapter_winrt.cc:1072 Getting Default Adapter failed.
5월 28, 2021 11:16:12.907 [4760:7768:0528/111612.907:ERROR:device_event_log_impl.cc(214)] [11:16:12.907] Bluetooth: bluetooth_adapter_winrt.cc:1072 Getting Default Adapter failed.
5월 28, 2021 11:17:45.204 [8328:1608:0528/111745.204:ERROR:device_event_log_impl.cc(214)] [11:17:45.204] Bluetooth: bluetooth_adapter_winrt.cc:1072 Getting Default Adapter failed.
5월 28, 2021 11:18:28.960 [7956:9736:0528/111828.960:ERROR:device_event_log_impl.cc(214)] [11:18:28.960] Bluetooth: bluetooth_adapter_winrt.cc:1072 Getting Default Adapter failed.
5월 28, 2021 11:29:12.461 [5140:7776:0528/112912.461:ERROR:device_event_log_impl.cc(214)] [11:29:12.461] Bluetooth: bluetooth_adapter_winrt.cc:1072 Getting Default Adapter failed.
5월 28, 2021 11:44:13.561 [9076:7900:0528/114413.561:ERROR:device_event_log_impl.cc(214)] [11:44:13.561] Bluetooth: bluetooth_adapter_winrt.cc:1072 Getting Default Adapter failed.
5월 28, 2021 11:44:49.320 [2592:2448:0528/114449.320:ERROR:device_event_log_impl.cc(214)] [11:44:49.320] Bluetooth: bluetooth_adapter_winrt.cc:1072 Getting Default Adapter failed.
5월 28, 2021 11:47:10.185 [848:5552:0528/114710.185:ERROR:device_event_log_impl.cc(214)] [11:47:10.185] Bluetooth: bluetooth_adapter_winrt.cc:1072 Getting Default Adapter failed.
5월 28, 2021 11:48:47.535 [8124:6992:0528/114847.535:ERROR:device_event_log_impl.cc(214)] [11:48:47.534] Bluetooth: bluetooth_adapter_winrt.cc:1072 Getting Default Adapter failed.
5월 28, 2021 11:49:02.437 [5348:8240:0528/114902.437:ERROR:device_event_log_impl.cc(214)] [11:49:02.437] Bluetooth: bluetooth_adapter_winrt.cc:1072 Getting Default Adapter failed.
5월 28, 2021 11:49:20.366 [1896:472:0528/114920.366:ERROR:device_event_log_impl.cc(214)] [11:49:20.366] Bluetooth: bluetooth_adapter_winrt.cc:1072 Getting Default Adapter failed.
5월 28, 2021 11:49:45.127 [7008:3688:0528/114945.126:ERROR:device_event_log_impl.cc(214)] [11:49:45.126] Bluetooth: bluetooth_adapter_winrt.cc:1072 Getting Default Adapter failed.
5월 28, 2021 11:51:04.568 [7984:9408:0528/115104.568:ERROR:device_event_log_impl.cc(214)] [11:51:04.567] Bluetooth: bluetooth_adapter_winrt.cc:1072 Getting Default Adapter failed.
5월 28, 2021 11:51:27.19 [5884:3944:0528/115127.019:ERROR:device_event_log_impl.cc(214)] [11:51:27.019] Bluetooth: bluetooth_adapter_winrt.cc:1072 Getting Default Adapter failed.
5월 28, 2021 11:51:58.990 [6864:5328:0528/115158.990:ERROR:device_event_log_impl.cc(214)] [11:51:58.989] Bluetooth: bluetooth_adapter_winrt.cc:1072 Getting Default Adapter failed.
5월 28, 2021 12:00:33.279 [8028:9364:0528/120033.279:ERROR:device_event_log_impl.cc(214)] [12:00:33.279] Bluetooth: bluetooth_adapter_winrt.cc:1072 Getting Default Adapter failed.
5월 28, 2021 12:05:33.400 [9500:3192:0528/120533.400:ERROR:device_event_log_impl.cc(214)] [12:05:33.399] Bluetooth: bluetooth_adapter_winrt.cc:1072 Getting Default Adapter failed.
5월 28, 2021 12:08:11.201 [5324:828:0528/120811.201:ERROR:device_event_log_impl.cc(214)] [12:08:11.201] Bluetooth: bluetooth_adapter_winrt.cc:1072 Getting Default Adapter failed.
5월 28, 2021 12:22:18.459 [8552:6768:0528/122218.459:ERROR:device_event_log_impl.cc(214)] [12:22:18.460] Bluetooth: bluetooth_adapter_winrt.cc:1072 Getting Default Adapter failed.
5월 28, 2021 12:22:57.398 [7056:9408:0528/122257.398:ERROR:device_event_log_impl.cc(214)] [12:22:57.398] Bluetooth: bluetooth_adapter_winrt.cc:1072 Getting Default Adapter failed.
5월 28, 2021 12:24:43.387 [3480:4948:0528/122443.387:ERROR:device_event_log_impl.cc(214)] [12:24:43.387] Bluetooth: bluetooth_adapter_winrt.cc:1072 Getting Default Adapter failed.
5월 28, 2021 12:49:56.971 [8664:2856:0528/124956.970:ERROR:device_event_log_impl.cc(214)] [12:49:56.970] Bluetooth: bluetooth_adapter_winrt.cc:1072 Getting Default Adapter failed.
5월 28, 2021 15:39:53.774 [8972:8588:0528/153953.774:ERROR:device_event_log_impl.cc(214)] [15:39:53.774] Bluetooth: bluetooth_adapter_winrt.cc:1072 Getting Default Adapter failed.
5월 28, 2021 15:44:18.435 [4592:7968:0528/154418.435:ERROR:device_event_log_impl.cc(214)] [15:44:18.434] Bluetooth: bluetooth_adapter_winrt.cc:1072 Getting Default Adapter failed.
5월 28, 2021 15:45:53.23 [9012:440:0528/154553.023:ERROR:device_event_log_impl.cc(214)] [15:45:53.023] Bluetooth: bluetooth_adapter_winrt.cc:1072 Getting Default Adapter failed.
5월 28, 2021 16:09:33.360 [2724:2944:0528/160933.360:ERROR:device_event_log_impl.cc(214)] [16:09:33.360] Bluetooth: bluetooth_adapter_winrt.cc:1072 Getting Default Adapter failed.
5월 28, 2021 16:10:48.850 [5448:7928:0528/161048.850:ERROR:device_event_log_impl.cc(214)] [16:10:48.849] Bluetooth: bluetooth_adapter_winrt.cc:1072 Getting Default Adapter failed.
5월 28, 2021 16:12:12.815 [3780:7008:0528/161212.814:ERROR:device_event_log_impl.cc(214)] [16:12:12.815] Bluetooth: bluetooth_adapter_winrt.cc:1072 Getting Default Adapter failed.
5월 28, 2021 16:13:39.110 [8056:5816:0528/161339.110:ERROR:device_event_log_impl.cc(214)] [16:13:39.110] Bluetooth: bluetooth_adapter_winrt.cc:1072 Getting Default Adapter failed.
5월 28, 2021 16:14:44.135 [6268:6072:0528/161444.134:ERROR:device_event_log_impl.cc(214)] [16:14:44.135] Bluetooth: bluetooth_adapter_winrt.cc:1072 Getting Default Adapter failed.
5월 28, 2021 16:15:13.806 [1356:516:0528/161513.805:ERROR:device_event_log_impl.cc(214)] [16:15:13.805] Bluetooth: bluetooth_adapter_winrt.cc:1072 Getting Default Adapter failed.
5월 28, 2021 16:16:09.221 [5112:4040:0528/161609.221:ERROR:device_event_log_impl.cc(214)] [16:16:09.221] Bluetooth: bluetooth_adapter_winrt.cc:1072 Getting Default Adapter failed.
5월 28, 2021 16:18:34.772 [220:9124:0528/161834.772:ERROR:device_event_log_impl.cc(214)] [16:18:34.772] Bluetooth: bluetooth_adapter_winrt.cc:1072 Getting Default Adapter failed.
5월 28, 2021 16:19:42.837 [4660:7388:0528/161942.837:ERROR:device_event_log_impl.cc(214)] [16:19:42.837] Bluetooth: bluetooth_adapter_winrt.cc:1072 Getting Default Adapter failed.
5월 28, 2021 16:21:32.414 [8632:4408:0528/162132.414:ERROR:device_event_log_impl.cc(214)] [16:21:32.414] Bluetooth: bluetooth_adapter_winrt.cc:1072 Getting Default Adapter failed.
5월 28, 2021 17:05:53.133 [8632:4408:0528/170553.133:ERROR:device_event_log_impl.cc(214)] [17:05:53.134] USB: usb_service_win.cc:258 Failed to get device driver name: 요소가 없습니다. (0x490)

5월 31, 2021 09:15:25.554 NEW SESSION
5월 31, 2021 09:15:25.554 [7600:8516:0531/091525.552:ERROR:device_event_log_impl.cc(214)] [09:15:25.553] Bluetooth: bluetooth_adapter_winrt.cc:1072 Getting Default Adapter failed.
5월 31, 2021 09:16:20.609 [7148:2952:0531/091620.609:ERROR:device_event_log_impl.cc(214)] [09:16:20.608] Bluetooth: bluetooth_adapter_winrt.cc:1072 Getting Default Adapter failed.
5월 31, 2021 09:21:04.57 [10184:7144:0531/092104.056:ERROR:device_event_log_impl.cc(214)] [09:21:04.057] Bluetooth: bluetooth_adapter_winrt.cc:1072 Getting Default Adapter failed.
5월 31, 2021 09:47:58.34 [8156:9908:0531/094758.034:ERROR:device_event_log_impl.cc(214)] [09:47:58.034] Bluetooth: bluetooth_adapter_winrt.cc:1072 Getting Default Adapter failed.
5월 31, 2021 09:51:44.482 [9964:8684:0531/095144.481:ERROR:device_event_log_impl.cc(214)] [09:51:44.481] Bluetooth: bluetooth_adapter_winrt.cc:1072 Getting Default Adapter failed.
5월 31, 2021 09:52:57.94 [4468:10140:0531/095257.094:ERROR:device_event_log_impl.cc(214)] [09:52:57.093] Bluetooth: bluetooth_adapter_winrt.cc:1072 Getting Default Adapter failed.
5월 31, 2021 09:55:58.530 [9952:5188:0531/095558.530:ERROR:device_event_log_impl.cc(214)] [09:55:58.530] Bluetooth: bluetooth_adapter_winrt.cc:1072 Getting Default Adapter failed.
5월 31, 2021 11:09:47.970 [2820:5344:0531/110947.970:ERROR:device_event_log_impl.cc(214)] [11:09:47.970] Bluetooth: bluetooth_adapter_winrt.cc:1072 Getting Default Adapter failed.
5월 31, 2021 11:11:02.34 [6780:8736:0531/111102.033:ERROR:device_event_log_impl.cc(214)] [11:11:02.034] Bluetooth: bluetooth_adapter_winrt.cc:1072 Getting Default Adapter failed.
5월 31, 2021 11:13:25.147 [1976:6080:0531/111325.147:ERROR:device_event_log_impl.cc(214)] [11:13:25.147] Bluetooth: bluetooth_adapter_winrt.cc:1072 Getting Default Adapter failed.
5월 31, 2021 11:34:38.958 [8096:436:0531/113438.958:ERROR:device_event_log_impl.cc(214)] [11:34:38.958] Bluetooth: bluetooth_adapter_winrt.cc:1072 Getting Default Adapter failed.
5월 31, 2021 11:45:53.865 [5196:9748:0531/114553.865:ERROR:device_event_log_impl.cc(214)] [11:45:53.865] Bluetooth: bluetooth_adapter_winrt.cc:1072 Getting Default Adapter failed.
5월 31, 2021 11:55:54.315 [8452:1660:0531/115554.315:ERROR:device_event_log_impl.cc(214)] [11:55:54.314] Bluetooth: bluetooth_adapter_winrt.cc:1072 Getting Default Adapter failed.
5월 31, 2021 11:56:45.387 [8880:6492:0531/115645.386:ERROR:device_event_log_impl.cc(214)] [11:56:45.386] Bluetooth: bluetooth_adapter_winrt.cc:1072 Getting Default Adapter failed.
5월 31, 2021 11:58:42.736 [9132:7160:0531/115842.736:ERROR:device_event_log_impl.cc(214)] [11:58:42.735] Bluetooth: bluetooth_adapter_winrt.cc:1072 Getting Default Adapter failed.
5월 31, 2021 12:01:16.721 [7636:3256:0531/120116.721:ERROR:device_event_log_impl.cc(214)] [12:01:16.722] Bluetooth: bluetooth_adapter_winrt.cc:1072 Getting Default Adapter failed.
5월 31, 2021 12:01:45.689 [7436:1952:0531/120145.688:ERROR:device_event_log_impl.cc(214)] [12:01:45.688] Bluetooth: bluetooth_adapter_winrt.cc:1072 Getting Default Adapter failed.
5월 31, 2021 12:03:34.619 [2504:1064:0531/120334.619:ERROR:device_event_log_impl.cc(214)] [12:03:34.619] Bluetooth: bluetooth_adapter_winrt.cc:1072 Getting Default Adapter failed.
5월 31, 2021 12:07:54.781 [2276:2720:0531/120754.781:ERROR:device_event_log_impl.cc(214)] [12:07:54.782] Bluetooth: bluetooth_adapter_winrt.cc:1072 Getting Default Adapter failed.
5월 31, 2021 12:18:07.144 [4628:9432:0531/121807.144:ERROR:device_event_log_impl.cc(214)] [12:18:07.143] Bluetooth: bluetooth_adapter_winrt.cc:1072 Getting Default Adapter failed.
5월 31, 2021 12:19:24.283 [8952:2892:0531/121924.283:ERROR:device_event_log_impl.cc(214)] [12:19:24.284] Bluetooth: bluetooth_adapter_winrt.cc:1072 Getting Default Adapter failed.
5월 31, 2021 12:20:29.346 [5200:8740:0531/122029.346:ERROR:device_event_log_impl.cc(214)] [12:20:29.346] Bluetooth: bluetooth_adapter_winrt.cc:1072 Getting Default Adapter failed.
5월 31, 2021 14:26:48.649 [8756:7448:0531/142648.649:ERROR:device_event_log_impl.cc(214)] [14:26:48.649] Bluetooth: bluetooth_adapter_winrt.cc:1072 Getting Default Adapter failed.
5월 31, 2021 14:41:02.242 [8128:5904:0531/144102.242:ERROR:device_event_log_impl.cc(214)] [14:41:02.241] Bluetooth: bluetooth_adapter_winrt.cc:1072 Getting Default Adapter failed.
5월 31, 2021 14:44:31.104 [8472:1092:0531/144431.104:ERROR:device_event_log_impl.cc(214)] [14:44:31.104] Bluetooth: bluetooth_adapter_winrt.cc:1072 Getting Default Adapter failed.
5월 31, 2021 14:45:24.588 [4364:2600:0531/144524.587:ERROR:device_event_log_impl.cc(214)] [14:45:24.587] Bluetooth: bluetooth_adapter_winrt.cc:1072 Getting Default Adapter failed.
5월 31, 2021 14:47:19.465 [1884:9856:0531/144719.465:ERROR:device_event_log_impl.cc(214)] [14:47:19.464] Bluetooth: bluetooth_adapter_winrt.cc:1072 Getting Default Adapter failed.
5월 31, 2021 14:49:48.788 [5844:8656:0531/144948.788:ERROR:device_event_log_impl.cc(214)] [14:49:48.788] Bluetooth: bluetooth_adapter_winrt.cc:1072 Getting Default Adapter failed.
5월 31, 2021 14:53:01.241 [3144:8868:0531/145301.241:ERROR:device_event_log_impl.cc(214)] [14:53:01.241] Bluetooth: bluetooth_adapter_winrt.cc:1072 Getting Default Adapter failed.
5월 31, 2021 14:55:15.703 [3524:2636:0531/145515.703:ERROR:device_event_log_impl.cc(214)] [14:55:15.703] Bluetooth: bluetooth_adapter_winrt.cc:1072 Getting Default Adapter failed.
5월 31, 2021 14:55:46.692 [6112:5248:0531/145546.691:ERROR:device_event_log_impl.cc(214)] [14:55:46.691] Bluetooth: bluetooth_adapter_winrt.cc:1072 Getting Default Adapter failed.
5월 31, 2021 14:56:27.56 [3528:3176:0531/145627.056:ERROR:device_event_log_impl.cc(214)] [14:56:27.056] Bluetooth: bluetooth_adapter_winrt.cc:1072 Getting Default Adapter failed.
5월 31, 2021 14:56:59.214 [8748:5000:0531/145659.214:ERROR:device_event_log_impl.cc(214)] [14:56:59.213] Bluetooth: bluetooth_adapter_winrt.cc:1072 Getting Default Adapter failed.
5월 31, 2021 14:57:55.145 [4620:6192:0531/145755.145:ERROR:device_event_log_impl.cc(214)] [14:57:55.145] Bluetooth: bluetooth_adapter_winrt.cc:1072 Getting Default Adapter failed.
5월 31, 2021 14:58:21.707 [1228:4988:0531/145821.707:ERROR:device_event_log_impl.cc(214)] [14:58:21.707] Bluetooth: bluetooth_adapter_winrt.cc:1072 Getting Default Adapter failed.
5월 31, 2021 14:59:10.351 [6468:5692:0531/145910.351:ERROR:device_event_log_impl.cc(214)] [14:59:10.351] Bluetooth: bluetooth_adapter_winrt.cc:1072 Getting Default Adapter failed.
5월 31, 2021 15:04:51.340 [4332:6952:0531/150451.340:ERROR:device_event_log_impl.cc(214)] [15:04:51.340] Bluetooth: bluetooth_adapter_winrt.cc:1072 Getting Default Adapter failed.
5월 31, 2021 15:06:30.226 [9628:4948:0531/150630.226:ERROR:device_event_log_impl.cc(214)] [15:06:30.226] Bluetooth: bluetooth_adapter_winrt.cc:1072 Getting Default Adapter failed.
5월 31, 2021 15:27:37.78 [5708:9408:0531/152737.078:ERROR:device_event_log_impl.cc(214)] [15:27:37.078] Bluetooth: bluetooth_adapter_winrt.cc:1072 Getting Default Adapter failed.
5월 31, 2021 15:51:36.602 [8892:268:0531/155136.602:ERROR:device_event_log_impl.cc(214)] [15:51:36.601] Bluetooth: bluetooth_adapter_winrt.cc:1072 Getting Default Adapter failed.
5월 31, 2021 15:51:58.786 [4008:2520:0531/155158.786:ERROR:device_event_log_impl.cc(214)] [15:51:58.786] Bluetooth: bluetooth_adapter_winrt.cc:1072 Getting Default Adapter failed.
5월 31, 2021 16:11:16.633 [6076:2344:0531/161116.632:ERROR:device_event_log_impl.cc(214)] [16:11:16.632] Bluetooth: bluetooth_adapter_winrt.cc:1072 Getting Default Adapter failed.
5월 31, 2021 16:13:28.976 [2832:10116:0531/161328.976:ERROR:device_event_log_impl.cc(214)] [16:13:28.976] Bluetooth: bluetooth_adapter_winrt.cc:1072 Getting Default Adapter failed.
5월 31, 2021 16:15:30.300 [3256:10028:0531/161530.300:ERROR:device_event_log_impl.cc(214)] [16:15:30.299] Bluetooth: bluetooth_adapter_winrt.cc:1072 Getting Default Adapter failed.
5월 31, 2021 17:08:43.258 [9936:8952:0531/170843.258:ERROR:device_event_log_impl.cc(214)] [17:08:43.258] Bluetooth: bluetooth_adapter_winrt.cc:1072 Getting Default Adapter failed.
5월 31, 2021 17:10:40.621 [3024:9780:0531/171040.621:ERROR:device_event_log_impl.cc(214)] [17:10:40.620] Bluetooth: bluetooth_adapter_winrt.cc:1072 Getting Default Adapter failed.
5월 31, 2021 17:30:56.614 [8788:256:0531/173056.614:ERROR:device_event_log_impl.cc(214)] [17:30:56.614] Bluetooth: bluetooth_adapter_winrt.cc:1072 Getting Default Adapter failed.
5월 31, 2021 17:37:15.525 [2896:9776:0531/173715.525:ERROR:device_event_log_impl.cc(214)] [17:37:15.525] Bluetooth: bluetooth_adapter_winrt.cc:1072 Getting Default Adapter failed.
5월 31, 2021 17:38:53.478 [4936:3732:0531/173853.478:ERROR:device_event_log_impl.cc(214)] [17:38:53.479] Bluetooth: bluetooth_adapter_winrt.cc:1072 Getting Default Adapter failed.
5월 31, 2021 17:40:16.81 [9628:2556:0531/174016.081:ERROR:device_event_log_impl.cc(214)] [17:40:16.082] Bluetooth: bluetooth_adapter_winrt.cc:1072 Getting Default Adapter failed.
5월 31, 2021 17:41:52.253 [2868:1692:0531/174152.253:ERROR:device_event_log_impl.cc(214)] [17:41:52.254] Bluetooth: bluetooth_adapter_winrt.cc:1072 Getting Default Adapter failed.
5월 31, 2021 17:43:21.792 [988:2124:0531/174321.792:ERROR:device_event_log_impl.cc(214)] [17:43:21.792] Bluetooth: bluetooth_adapter_winrt.cc:1072 Getting Default Adapter failed.

6월 01, 2021 09:16:59.345 NEW SESSION
6월 01, 2021 09:16:59.345 [7048:2632:0601/091659.344:ERROR:device_event_log_impl.cc(214)] [09:16:59.333] Bluetooth: bluetooth_adapter_winrt.cc:1072 Getting Default Adapter failed.
6월 01, 2021 09:17:43.855 [348:2164:0601/091743.855:ERROR:device_event_log_impl.cc(214)] [09:17:43.860] Bluetooth: bluetooth_adapter_winrt.cc:1072 Getting Default Adapter failed.
6월 01, 2021 09:20:21.674 [7064:10144:0601/092021.674:ERROR:device_event_log_impl.cc(214)] [09:20:21.676] Bluetooth: bluetooth_adapter_winrt.cc:1072 Getting Default Adapter failed.
6월 01, 2021 09:57:03.51 [9772:8236:0601/095703.051:ERROR:device_event_log_impl.cc(214)] [09:57:03.060] Bluetooth: bluetooth_adapter_winrt.cc:1072 Getting Default Adapter failed.
6월 01, 2021 09:58:32.758 [6852:8284:0601/095832.758:ERROR:device_event_log_impl.cc(214)] [09:58:32.766] Bluetooth: bluetooth_adapter_winrt.cc:1072 Getting Default Adapter failed.
6월 01, 2021 10:03:56.664 [116:2124:0601/100356.664:ERROR:device_event_log_impl.cc(214)] [10:03:56.651] Bluetooth: bluetooth_adapter_winrt.cc:1072 Getting Default Adapter failed.
6월 01, 2021 10:13:57.581 [7424:6460:0601/101357.581:ERROR:device_event_log_impl.cc(214)] [10:13:57.569] Bluetooth: bluetooth_adapter_winrt.cc:1072 Getting Default Adapter failed.
6월 01, 2021 10:14:07.88 [9068:7828:0601/101407.088:ERROR:device_event_log_impl.cc(214)] [10:14:07.090] Bluetooth: bluetooth_adapter_winrt.cc:1072 Getting Default Adapter failed.
6월 01, 2021 10:43:02.917 [2280:9668:0601/104302.917:ERROR:device_event_log_impl.cc(214)] [10:43:02.903] Bluetooth: bluetooth_adapter_winrt.cc:1072 Getting Default Adapter failed.
6월 01, 2021 10:48:50.991 [5372:8588:0601/104850.991:ERROR:device_event_log_impl.cc(214)] [10:48:50.991] Bluetooth: bluetooth_adapter_winrt.cc:1072 Getting Default Adapter failed.
6월 01, 2021 10:50:01.47 [6816:8428:0601/105001.047:ERROR:device_event_log_impl.cc(214)] [10:50:01.055] Bluetooth: bluetooth_adapter_winrt.cc:1072 Getting Default Adapter failed.
6월 01, 2021 10:51:15.865 [6644:10044:0601/105115.865:ERROR:device_event_log_impl.cc(214)] [10:51:15.865] Bluetooth: bluetooth_adapter_winrt.cc:1072 Getting Default Adapter failed.
6월 01, 2021 10:52:21.678 [4256:8888:0601/105221.678:ERROR:device_event_log_impl.cc(214)] [10:52:21.682] Bluetooth: bluetooth_adapter_winrt.cc:1072 Getting Default Adapter failed.
6월 01, 2021 10:52:50.810 [8320:6256:0601/105250.809:ERROR:device_event_log_impl.cc(214)] [10:52:50.809] Bluetooth: bluetooth_adapter_winrt.cc:1072 Getting Default Adapter failed.
6월 01, 2021 10:54:28.183 [2152:4512:0601/105428.183:ERROR:device_event_log_impl.cc(214)] [10:54:28.190] Bluetooth: bluetooth_adapter_winrt.cc:1072 Getting Default Adapter failed.
6월 01, 2021 11:00:55.338 [10236:2180:0601/110055.338:ERROR:device_event_log_impl.cc(214)] [11:00:55.335] Bluetooth: bluetooth_adapter_winrt.cc:1072 Getting Default Adapter failed.
6월 01, 2021 11:04:35.730 [2480:2996:0601/110435.730:ERROR:device_event_log_impl.cc(214)] [11:04:35.727] Bluetooth: bluetooth_adapter_winrt.cc:1072 Getting Default Adapter failed.
6월 01, 2021 11:08:40.529 [2408:2912:0601/110840.529:ERROR:device_event_log_impl.cc(214)] [11:08:40.534] Bluetooth: bluetooth_adapter_winrt.cc:1072 Getting Default Adapter failed.
6월 01, 2021 11:10:21.51 [2020:2772:0601/111021.051:ERROR:device_event_log_impl.cc(214)] [11:10:21.058] Bluetooth: bluetooth_adapter_winrt.cc:1072 Getting Default Adapter failed.

6월 01, 2021 11:19:30.139 NEW SESSION
6월 01, 2021 11:19:30.139 [5696:6816:0601/111930.138:ERROR:device_event_log_impl.cc(214)] [11:19:30.138] Bluetooth: bluetooth_adapter_winrt.cc:1072 Getting Default Adapter failed.
6월 01, 2021 11:20:33.960 [5460:3096:0601/112033.960:ERROR:device_event_log_impl.cc(214)] [11:20:33.960] Bluetooth: bluetooth_adapter_winrt.cc:1072 Getting Default Adapter failed.
6월 01, 2021 11:21:36.296 [3616:2452:0601/112136.296:ERROR:device_event_log_impl.cc(214)] [11:21:36.297] Bluetooth: bluetooth_adapter_winrt.cc:1072 Getting Default Adapter failed.
6월 01, 2021 11:22:41.135 [6896:3096:0601/112241.134:ERROR:device_event_log_impl.cc(214)] [11:22:41.135] Bluetooth: bluetooth_adapter_winrt.cc:1072 Getting Default Adapter failed.
6월 01, 2021 11:27:58.735 [2408:4776:0601/112758.735:ERROR:device_event_log_impl.cc(214)] [11:27:58.735] Bluetooth: bluetooth_adapter_winrt.cc:1072 Getting Default Adapter failed.
6월 01, 2021 11:52:33.793 [9480:3156:0601/115233.793:ERROR:device_event_log_impl.cc(214)] [11:52:33.793] Bluetooth: bluetooth_adapter_winrt.cc:1072 Getting Default Adapter failed.
6월 01, 2021 11:54:05.145 [2592:3580:0601/115405.145:ERROR:device_event_log_impl.cc(214)] [11:54:05.144] Bluetooth: bluetooth_adapter_winrt.cc:1072 Getting Default Adapter failed.
6월 01, 2021 12:01:48.289 [7260:8056:0601/120148.288:ERROR:device_event_log_impl.cc(214)] [12:01:48.289] Bluetooth: bluetooth_adapter_winrt.cc:1072 Getting Default Adapter failed.
6월 01, 2021 12:02:34.296 [10196:4716:0601/120234.296:ERROR:device_event_log_impl.cc(214)] [12:02:34.296] Bluetooth: bluetooth_adapter_winrt.cc:1072 Getting Default Adapter failed.
6월 01, 2021 12:40:19.186 [2188:2728:0601/124019.186:ERROR:device_event_log_impl.cc(214)] [12:40:19.185] Bluetooth: bluetooth_adapter_winrt.cc:1072 Getting Default Adapter failed.
6월 01, 2021 12:41:06.266 [5172:9192:0601/124106.266:ERROR:device_event_log_impl.cc(214)] [12:41:06.266] Bluetooth: bluetooth_adapter_winrt.cc:1072 Getting Default Adapter failed.
6월 01, 2021 12:41:54.59 [1060:6288:0601/124154.059:ERROR:device_event_log_impl.cc(214)] [12:41:54.060] Bluetooth: bluetooth_adapter_winrt.cc:1072 Getting Default Adapter failed.
6월 01, 2021 12:48:04.996 [1208:3456:0601/124804.995:ERROR:device_event_log_impl.cc(214)] [12:48:04.995] Bluetooth: bluetooth_adapter_winrt.cc:1072 Getting Default Adapter failed.
6월 01, 2021 14:05:16.178 [1128:7796:0601/140516.178:ERROR:device_event_log_impl.cc(214)] [14:05:16.178] Bluetooth: bluetooth_adapter_winrt.cc:1072 Getting Default Adapter failed.
6월 01, 2021 14:11:15.171 [8100:5864:0601/141115.171:ERROR:device_event_log_impl.cc(214)] [14:11:15.171] Bluetooth: bluetooth_adapter_winrt.cc:1072 Getting Default Adapter failed.
6월 01, 2021 14:19:09.441 [7608:8876:0601/141909.441:ERROR:device_event_log_impl.cc(214)] [14:19:09.440] Bluetooth: bluetooth_adapter_winrt.cc:1072 Getting Default Adapter failed.
6월 01, 2021 14:21:02.882 [1188:9132:0601/142102.882:ERROR:device_event_log_impl.cc(214)] [14:21:02.882] Bluetooth: bluetooth_adapter_winrt.cc:1072 Getting Default Adapter failed.
6월 01, 2021 14:23:43.44 [2904:2996:0601/142343.044:ERROR:device_event_log_impl.cc(214)] [14:23:43.044] Bluetooth: bluetooth_adapter_winrt.cc:1072 Getting Default Adapter failed.
6월 01, 2021 14:26:29.942 [1656:9436:0601/142629.941:ERROR:device_event_log_impl.cc(214)] [14:26:29.942] Bluetooth: bluetooth_adapter_winrt.cc:1072 Getting Default Adapter failed.
6월 01, 2021 14:27:43.03 [8292:10144:0601/142743.002:ERROR:device_event_log_impl.cc(214)] [14:27:43.002] Bluetooth: bluetooth_adapter_winrt.cc:1072 Getting Default Adapter failed.
6월 01, 2021 14:29:19.606 [7532:8864:0601/142919.606:ERROR:device_event_log_impl.cc(214)] [14:29:19.606] Bluetooth: bluetooth_adapter_winrt.cc:1072 Getting Default Adapter failed.
6월 01, 2021 14:37:02.506 [3420:7292:0601/143702.506:ERROR:device_event_log_impl.cc(214)] [14:37:02.506] Bluetooth: bluetooth_adapter_winrt.cc:1072 Getting Default Adapter failed.
6월 01, 2021 14:41:30.919 [8632:2996:0601/144130.919:ERROR:device_event_log_impl.cc(214)] [14:41:30.919] Bluetooth: bluetooth_adapter_winrt.cc:1072 Getting Default Adapter failed.
6월 01, 2021 15:33:26.937 [12192:12028:0601/153326.937:ERROR:device_event_log_impl.cc(214)] [15:33:26.937] Bluetooth: bluetooth_adapter_winrt.cc:1072 Getting Default Adapter failed.
6월 01, 2021 15:37:42.31 [11196:10812:0601/153742.031:ERROR:device_event_log_impl.cc(214)] [15:37:42.031] Bluetooth: bluetooth_adapter_winrt.cc:1072 Getting Default Adapter failed.
6월 01, 2021 15:39:01.721 [11916:6440:0601/153901.721:ERROR:device_event_log_impl.cc(214)] [15:39:01.720] Bluetooth: bluetooth_adapter_winrt.cc:1072 Getting Default Adapter failed.
6월 01, 2021 15:39:16.838 [10264:772:0601/153916.838:ERROR:device_event_log_impl.cc(214)] [15:39:16.838] Bluetooth: bluetooth_adapter_winrt.cc:1072 Getting Default Adapter failed.
6월 01, 2021 15:50:25.973 [11784:10964:0601/155025.973:ERROR:device_event_log_impl.cc(214)] [15:50:25.972] Bluetooth: bluetooth_adapter_winrt.cc:1072 Getting Default Adapter failed.
6월 01, 2021 15:51:07.382 [10384:8824:0601/155107.382:ERROR:device_event_log_impl.cc(214)] [15:51:07.382] Bluetooth: bluetooth_adapter_winrt.cc:1072 Getting Default Adapter failed.

6월 01, 2021 15:58:44.443 NEW SESSION
6월 01, 2021 15:58:44.443 [11192:10880:0601/155844.440:ERROR:device_event_log_impl.cc(214)] [15:58:44.434] Bluetooth: bluetooth_adapter_winrt.cc:1072 Getting Default Adapter failed.
6월 01, 2021 16:27:00.537 [10468:4768:0601/162700.537:ERROR:device_event_log_impl.cc(214)] [16:27:00.537] Bluetooth: bluetooth_adapter_winrt.cc:1072 Getting Default Adapter failed.
6월 01, 2021 16:27:56.624 [7516:11484:0601/162756.623:ERROR:device_event_log_impl.cc(214)] [16:27:56.623] Bluetooth: bluetooth_adapter_winrt.cc:1072 Getting Default Adapter failed.
6월 01, 2021 16:31:35.692 [12064:10544:0601/163135.691:ERROR:device_event_log_impl.cc(214)] [16:31:35.691] Bluetooth: bluetooth_adapter_winrt.cc:1072 Getting Default Adapter failed.
6월 01, 2021 16:52:34.428 [7472:11736:0601/165234.428:ERROR:device_event_log_impl.cc(214)] [16:52:34.428] Bluetooth: bluetooth_adapter_winrt.cc:1072 Getting Default Adapter failed.
6월 01, 2021 16:53:40.714 [11296:7468:0601/165340.714:ERROR:device_event_log_impl.cc(214)] [16:53:40.714] Bluetooth: bluetooth_adapter_winrt.cc:1072 Getting Default Adapter failed.
6월 01, 2021 17:41:41.153 [1016:7004:0601/174141.153:ERROR:device_event_log_impl.cc(214)] [17:41:41.153] Bluetooth: bluetooth_adapter_winrt.cc:1072 Getting Default Adapter failed.
